#
# There is insufficient memory for the Java Runtime Environment to continue.
# Native memory allocation (mmap) failed to map 111149056 bytes for committing reserved memory.
# Possible reasons:
#   The system is out of physical RAM or swap space
#   In 32 bit mode, the process size limit was hit
# Possible solutions:
#   Reduce memory load on the system
#   Increase physical memory or swap space
#   Check if swap backing store is full
#   Use 64 bit Java on a 64 bit OS
#   Decrease Java heap size (-Xmx/-Xms)
#   Decrease number of Java threads
#   Decrease Java thread stack sizes (-Xss)
#   Set larger code cache with -XX:ReservedCodeCacheSize=
# This output file may be truncated or incomplete.
#
#  Out of Memory Error (os_linux.cpp:2627), pid=10772, tid=0x00007f708f4f4700
#
# JRE version: Java(TM) SE Runtime Environment (8.0_121-b13) (build 1.8.0_121-b13)
# Java VM: Java HotSpot(TM) 64-Bit Server VM (25.121-b13 mixed mode linux-amd64 compressed oops)
# Failed to write core dump. Core dumps have been disabled. To enable core dumping, try "ulimit -c unlimited" before starting Java again
#

---------------  T H R E A D  ---------------

Current thread (0x00007f70a4079800):  VMThread [stack: 0x00007f708f3f4000,0x00007f708f4f5000] [id=10782]

Stack: [0x00007f708f3f4000,0x00007f708f4f5000],  sp=0x00007f708f4f32e0,  free space=1020k
Native frames: (J=compiled Java code, j=interpreted, Vv=VM code, C=native code)
V  [libjvm.so+0xac703a]  VMError::report_and_die()+0x2ba
V  [libjvm.so+0x4fc7eb]  report_vm_out_of_memory(char const*, int, unsigned long, VMErrorType, char const*)+0x8b
V  [libjvm.so+0x923c43]  os::Linux::commit_memory_impl(char*, unsigned long, bool)+0x103
V  [libjvm.so+0x924199]  os::pd_commit_memory(char*, unsigned long, unsigned long, bool)+0x29
V  [libjvm.so+0x91e4aa]  os::commit_memory(char*, unsigned long, unsigned long, bool)+0x2a
V  [libjvm.so+0x992f03]  PSVirtualSpace::expand_by(unsigned long)+0x53
V  [libjvm.so+0x994308]  PSYoungGen::resize_generation(unsigned long, unsigned long)+0xf8
V  [libjvm.so+0x993462]  PSYoungGen::resize(unsigned long, unsigned long)+0x22
V  [libjvm.so+0x99073b]  PSScavenge::invoke_no_policy()+0xf3b
V  [libjvm.so+0x990ec1]  PSScavenge::invoke()+0x41
V  [libjvm.so+0x947c10]  ParallelScavengeHeap::failed_mem_allocate(unsigned long)+0x70
V  [libjvm.so+0xac8a57]  VM_ParallelGCFailedAllocation::doit()+0x97
V  [libjvm.so+0xad0535]  VM_Operation::evaluate()+0x55
V  [libjvm.so+0xace90a]  VMThread::evaluate_operation(VM_Operation*)+0xba
V  [libjvm.so+0xacec8e]  VMThread::loop()+0x1ce
V  [libjvm.so+0xacf100]  VMThread::run()+0x70
V  [libjvm.so+0x926268]  java_start(Thread*)+0x108

VM_Operation (0x00007f70adbbd3b0): ParallelGCFailedAllocation, mode: safepoint, requested by thread 0x00007f70a400b800


---------------  P R O C E S S  ---------------

Java Threads: ( => current thread )
  0x00007f70a40c2800 JavaThread "Service Thread" daemon [_thread_blocked, id=10789, stack(0x00007f708e4da000,0x00007f708e5db000)]
  0x00007f70a40bf800 JavaThread "C1 CompilerThread2" daemon [_thread_blocked, id=10788, stack(0x00007f708e5db000,0x00007f708e6dc000)]
  0x00007f70a40bd800 JavaThread "C2 CompilerThread1" daemon [_thread_blocked, id=10787, stack(0x00007f708e6dc000,0x00007f708e7dd000)]
  0x00007f70a40bb000 JavaThread "C2 CompilerThread0" daemon [_thread_blocked, id=10786, stack(0x00007f708e7dd000,0x00007f708e8de000)]
  0x00007f70a40b9800 JavaThread "Signal Dispatcher" daemon [_thread_blocked, id=10785, stack(0x00007f708e8de000,0x00007f708e9df000)]
  0x00007f70a4085800 JavaThread "Finalizer" daemon [_thread_blocked, id=10784, stack(0x00007f708f1f2000,0x00007f708f2f3000)]
  0x00007f70a4081000 JavaThread "Reference Handler" daemon [_thread_blocked, id=10783, stack(0x00007f708f2f3000,0x00007f708f3f4000)]
  0x00007f70a400b800 JavaThread "main" [_thread_blocked, id=10777, stack(0x00007f70adabe000,0x00007f70adbbf000)]

Other Threads:
=>0x00007f70a4079800 VMThread [stack: 0x00007f708f3f4000,0x00007f708f4f5000] [id=10782]
  0x00007f70a40c5800 WatcherThread [stack: 0x00007f708e3d9000,0x00007f708e4da000] [id=10790]

VM state:at safepoint (normal execution)

VM Mutex/Monitor currently owned by a thread:  ([mutex/lock_event])
[0x00007f70a4007bf0] Threads_lock - owner thread: 0x00007f70a4079800
[0x00007f70a40080f0] Heap_lock - owner thread: 0x00007f70a400b800

Heap:
 PSYoungGen      total 51712K, used 3577K [0x00000000eab00000, 0x00000000ee100000, 0x0000000100000000)
  eden space 48128K, 0% used [0x00000000eab00000,0x00000000eab00000,0x00000000eda00000)
  from space 3584K, 99% used [0x00000000eda00000,0x00000000edd7e6e0,0x00000000edd80000)
  to   space 3584K, 0% used [0x00000000edd80000,0x00000000edd80000,0x00000000ee100000)
 ParOldGen       total 62976K, used 50912K [0x00000000c0000000, 0x00000000c3d80000, 0x00000000eab00000)
  object space 62976K, 80% used [0x00000000c0000000,0x00000000c31b8178,0x00000000c3d80000)
 Metaspace       used 4821K, capacity 5464K, committed 5760K, reserved 1056768K
  class space    used 517K, capacity 528K, committed 640K, reserved 1048576K

Card table byte_map: [0x00007f70aa66b000,0x00007f70aa86c000] byte_map_base: 0x00007f70aa06b000

Marking Bits: (ParMarkBitMap*) 0x00007f70acf8ec80
 Begin Bits: [0x00007f70a8111000, 0x00007f70a9111000)
 End Bits:   [0x00007f70a9111000, 0x00007f70aa111000)

Polling page: 0x00007f70adbd8000

CodeCache: size=245760Kb used=3320Kb max_used=3333Kb free=242439Kb
 bounds [0x00007f7095000000, 0x00007f7095350000, 0x00007f70a4000000]
 total_blobs=1283 nmethods=1009 adapters=189
 compilation: enabled

Compilation events (10 events):
Event: 4.397 Thread 0x00007f70a40bf800 1032       3       java.util.TreeMap::compare (32 bytes)
Event: 4.397 Thread 0x00007f70a40bf800 nmethod 1032 0x00007f709533c810 code [0x00007f709533c9a0, 0x00007f709533cdd8]
Event: 4.413 Thread 0x00007f70a40bb000 nmethod 1030 0x00007f7095341d10 code [0x00007f7095341ee0, 0x00007f7095342610]
Event: 4.413 Thread 0x00007f70a40bb000 1035       4       com.android.dx.merge.DexMerger$IdMerger::readIntoMap (89 bytes)
Event: 4.425 Thread 0x00007f70a40bf800 1037 %     3       com.android.dx.merge.IndexMap::adjustTypeList @ 22 (58 bytes)
Event: 4.427 Thread 0x00007f70a40bf800 nmethod 1037% 0x00007f709533ba90 code [0x00007f709533bc60, 0x00007f709533c448]
Event: 4.427 Thread 0x00007f70a40bf800 1038       3       com.android.dx.merge.IndexMap::adjustTypeList (58 bytes)
Event: 4.428 Thread 0x00007f70a40bf800 nmethod 1038 0x00007f709533ae90 code [0x00007f709533b040, 0x00007f709533b788]
Event: 4.431 Thread 0x00007f70a40bb000 nmethod 1035 0x00007f7095344950 code [0x00007f7095344b00, 0x00007f7095345168]
Event: 4.432 Thread 0x00007f70a40bb000 1033       4       com.android.dx.merge.DexMerger$IdMerger::mergeSorted (382 bytes)

GC Heap History (9 events):
Event: 2.739 GC heap before
{Heap before GC invocations=1 (full 0):
 PSYoungGen      total 27648K, used 21719K [0x00000000eab00000, 0x00000000ec980000, 0x0000000100000000)
  eden space 24064K, 90% used [0x00000000eab00000,0x00000000ec035d98,0x00000000ec280000)
  from space 3584K, 0% used [0x00000000ec600000,0x00000000ec600000,0x00000000ec980000)
  to   space 3584K, 0% used [0x00000000ec280000,0x00000000ec280000,0x00000000ec600000)
 ParOldGen       total 62976K, used 0K [0x00000000c0000000, 0x00000000c3d80000, 0x00000000eab00000)
  object space 62976K, 0% used [0x00000000c0000000,0x00000000c0000000,0x00000000c3d80000)
 Metaspace       used 3823K, capacity 4880K, committed 5120K, reserved 1056768K
  class space    used 418K, capacity 456K, committed 512K, reserved 1048576K
Event: 2.744 GC heap after
Heap after GC invocations=1 (full 0):
 PSYoungGen      total 27648K, used 3572K [0x00000000eab00000, 0x00000000ec980000, 0x0000000100000000)
  eden space 24064K, 0% used [0x00000000eab00000,0x00000000eab00000,0x00000000ec280000)
  from space 3584K, 99% used [0x00000000ec280000,0x00000000ec5fd278,0x00000000ec600000)
  to   space 3584K, 0% used [0x00000000ec600000,0x00000000ec600000,0x00000000ec980000)
 ParOldGen       total 62976K, used 3248K [0x00000000c0000000, 0x00000000c3d80000, 0x00000000eab00000)
  object space 62976K, 5% used [0x00000000c0000000,0x00000000c032c208,0x00000000c3d80000)
 Metaspace       used 3823K, capacity 4880K, committed 5120K, reserved 1056768K
  class space    used 418K, capacity 456K, committed 512K, reserved 1048576K
}
Event: 2.989 GC heap before
{Heap before GC invocations=2 (full 0):
 PSYoungGen      total 27648K, used 27636K [0x00000000eab00000, 0x00000000ec980000, 0x0000000100000000)
  eden space 24064K, 100% used [0x00000000eab00000,0x00000000ec280000,0x00000000ec280000)
  from space 3584K, 99% used [0x00000000ec280000,0x00000000ec5fd278,0x00000000ec600000)
  to   space 3584K, 0% used [0x00000000ec600000,0x00000000ec600000,0x00000000ec980000)
 ParOldGen       total 62976K, used 3248K [0x00000000c0000000, 0x00000000c3d80000, 0x00000000eab00000)
  object space 62976K, 5% used [0x00000000c0000000,0x00000000c032c208,0x00000000c3d80000)
 Metaspace       used 3942K, capacity 4944K, committed 5120K, reserved 1056768K
  class space    used 430K, capacity 456K, committed 512K, reserved 1048576K
Event: 3.309 GC heap after
Heap after GC invocations=2 (full 0):
 PSYoungGen      total 27648K, used 3581K [0x00000000eab00000, 0x00000000ee100000, 0x0000000100000000)
  eden space 24064K, 0% used [0x00000000eab00000,0x00000000eab00000,0x00000000ec280000)
  from space 3584K, 99% used [0x00000000ec600000,0x00000000ec97f688,0x00000000ec980000)
  to   space 3584K, 0% used [0x00000000ec280000,0x00000000ec280000,0x00000000ec600000)
 ParOldGen       total 62976K, used 27628K [0x00000000c0000000, 0x00000000c3d80000, 0x00000000eab00000)
  object space 62976K, 43% used [0x00000000c0000000,0x00000000c1afb288,0x00000000c3d80000)
 Metaspace       used 3942K, capacity 4944K, committed 5120K, reserved 1056768K
  class space    used 430K, capacity 456K, committed 512K, reserved 1048576K
}
Event: 3.638 GC heap before
{Heap before GC invocations=3 (full 0):
 PSYoungGen      total 27648K, used 27645K [0x00000000eab00000, 0x00000000ee100000, 0x0000000100000000)
  eden space 24064K, 100% used [0x00000000eab00000,0x00000000ec280000,0x00000000ec280000)
  from space 3584K, 99% used [0x00000000ec600000,0x00000000ec97f688,0x00000000ec980000)
  to   space 3584K, 0% used [0x00000000ec280000,0x00000000ec280000,0x00000000ec600000)
 ParOldGen       total 62976K, used 27628K [0x00000000c0000000, 0x00000000c3d80000, 0x00000000eab00000)
  object space 62976K, 43% used [0x00000000c0000000,0x00000000c1afb288,0x00000000c3d80000)
 Metaspace       used 4153K, capacity 5136K, committed 5376K, reserved 1056768K
  class space    used 442K, capacity 456K, committed 512K, reserved 1048576K
Event: 3.665 GC heap after
Heap after GC invocations=3 (full 0):
 PSYoungGen      total 27648K, used 3564K [0x00000000eab00000, 0x00000000ee100000, 0x0000000100000000)
  eden space 24064K, 0% used [0x00000000eab00000,0x00000000eab00000,0x00000000ec280000)
  from space 3584K, 99% used [0x00000000ec280000,0x00000000ec5fb310,0x00000000ec600000)
  to   space 3584K, 0% used [0x00000000edd80000,0x00000000edd80000,0x00000000ee100000)
 ParOldGen       total 62976K, used 30171K [0x00000000c0000000, 0x00000000c3d80000, 0x00000000eab00000)
  object space 62976K, 47% used [0x00000000c0000000,0x00000000c1d76f28,0x00000000c3d80000)
 Metaspace       used 4153K, capacity 5136K, committed 5376K, reserved 1056768K
  class space    used 442K, capacity 456K, committed 512K, reserved 1048576K
}
Event: 4.051 GC heap before
{Heap before GC invocations=4 (full 0):
 PSYoungGen      total 27648K, used 27628K [0x00000000eab00000, 0x00000000ee100000, 0x0000000100000000)
  eden space 24064K, 100% used [0x00000000eab00000,0x00000000ec280000,0x00000000ec280000)
  from space 3584K, 99% used [0x00000000ec280000,0x00000000ec5fb310,0x00000000ec600000)
  to   space 3584K, 0% used [0x00000000edd80000,0x00000000edd80000,0x00000000ee100000)
 ParOldGen       total 62976K, used 30171K [0x00000000c0000000, 0x00000000c3d80000, 0x00000000eab00000)
  object space 62976K, 47% used [0x00000000c0000000,0x00000000c1d76f28,0x00000000c3d80000)
 Metaspace       used 4514K, capacity 5424K, committed 5632K, reserved 1056768K
  class space    used 482K, capacity 488K, committed 512K, reserved 1048576K
Event: 4.084 GC heap after
Heap after GC invocations=4 (full 0):
 PSYoungGen      total 51712K, used 3576K [0x00000000eab00000, 0x00000000ee100000, 0x0000000100000000)
  eden space 48128K, 0% used [0x00000000eab00000,0x00000000eab00000,0x00000000eda00000)
  from space 3584K, 99% used [0x00000000edd80000,0x00000000ee0fe1f0,0x00000000ee100000)
  to   space 3584K, 0% used [0x00000000eda00000,0x00000000eda00000,0x00000000edd80000)
 ParOldGen       total 62976K, used 31944K [0x00000000c0000000, 0x00000000c3d80000, 0x00000000eab00000)
  object space 62976K, 50% used [0x00000000c0000000,0x00000000c1f32328,0x00000000c3d80000)
 Metaspace       used 4514K, capacity 5424K, committed 5632K, reserved 1056768K
  class space    used 482K, capacity 488K, committed 512K, reserved 1048576K
}
Event: 4.453 GC heap before
{Heap before GC invocations=5 (full 0):
 PSYoungGen      total 51712K, used 51704K [0x00000000eab00000, 0x00000000ee100000, 0x0000000100000000)
  eden space 48128K, 100% used [0x00000000eab00000,0x00000000eda00000,0x00000000eda00000)
  from space 3584K, 99% used [0x00000000edd80000,0x00000000ee0fe1f0,0x00000000ee100000)
  to   space 3584K, 0% used [0x00000000eda00000,0x00000000eda00000,0x00000000edd80000)
 ParOldGen       total 62976K, used 31944K [0x00000000c0000000, 0x00000000c3d80000, 0x00000000eab00000)
  object space 62976K, 50% used [0x00000000c0000000,0x00000000c1f32328,0x00000000c3d80000)
 Metaspace       used 4821K, capacity 5464K, committed 5760K, reserved 1056768K
  class space    used 517K, capacity 528K, committed 640K, reserved 1048576K

Deoptimization events (10 events):
Event: 3.502 Thread 0x00007f70a400b800 Uncommon trap: reason=predicate action=maybe_recompile pc=0x00007f70951b2838 method=com.android.dex.Leb128.writeUnsignedLeb128(Lcom/android/dex/util/ByteOutput;I)V @ 9
Event: 3.502 Thread 0x00007f70a400b800 Uncommon trap: reason=class_check action=maybe_recompile pc=0x00007f70951ab9dc method=com.android.dex.Leb128.readUnsignedLeb128(Lcom/android/dex/util/ByteInput;)I @ 5
Event: 3.502 Thread 0x00007f70a400b800 Uncommon trap: reason=class_check action=maybe_recompile pc=0x00007f70951ab9dc method=com.android.dex.Leb128.readUnsignedLeb128(Lcom/android/dex/util/ByteInput;)I @ 5
Event: 3.521 Thread 0x00007f70a400b800 Uncommon trap: reason=predicate action=maybe_recompile pc=0x00007f70952269c4 method=com.android.dex.Leb128.readUnsignedLeb128(Lcom/android/dex/util/ByteInput;)I @ 41
Event: 3.617 Thread 0x00007f70a400b800 Uncommon trap: reason=unstable_if action=reinterpret pc=0x00007f7095229350 method=com.android.dex.EncodedValueCodec.readUnsignedInt(Lcom/android/dex/util/ByteInput;IZ)I @ 3
Event: 3.884 Thread 0x00007f70a400b800 Uncommon trap: reason=unstable_if action=reinterpret pc=0x00007f709526f4d4 method=com.android.dx.merge.IndexMap.adjustString(I)I @ 2
Event: 3.892 Thread 0x00007f70a400b800 Uncommon trap: reason=unstable_if action=reinterpret pc=0x00007f709526db88 method=java.util.HashMap.getNode(ILjava/lang/Object;)Ljava/util/HashMap$Node; @ 84
Event: 3.893 Thread 0x00007f70a400b800 Uncommon trap: reason=unstable_if action=reinterpret pc=0x00007f709526a0c4 method=java.util.HashMap.getNode(ILjava/lang/Object;)Ljava/util/HashMap$Node; @ 84
Event: 4.223 Thread 0x00007f70a400b800 Uncommon trap: reason=unstable_if action=reinterpret pc=0x00007f7095176a3c method=java.lang.String.replace(CC)Ljava/lang/String; @ 2
Event: 4.395 Thread 0x00007f70a400b800 Uncommon trap: reason=unstable_if action=reinterpret pc=0x00007f70952046f8 method=com.android.dx.merge.DexMerger$IdMerger.readIntoMap(Lcom/android/dex/Dex$Section;Lcom/android/dex/TableOfContents$Section;Lcom/android/dx/merge/IndexMap;ILjava/util/TreeMap;

Internal exceptions (3 events):
Event: 0.743 Thread 0x00007f70a400b800 Exception <a 'java/lang/NoSuchMethodError': Method sun.misc.Unsafe.defineClass(Ljava/lang/String;[BII)Ljava/lang/Class; name or signature does not match> (0x00000000eab07ca8) thrown at [/HUDSON3/workspace/8-2-build-linux-amd64/jdk8u121/8372/hotspot/src/sh
Event: 0.743 Thread 0x00007f70a400b800 Exception <a 'java/lang/NoSuchMethodError': Method sun.misc.Unsafe.prefetchRead(Ljava/lang/Object;J)V name or signature does not match> (0x00000000eab07f90) thrown at [/HUDSON3/workspace/8-2-build-linux-amd64/jdk8u121/8372/hotspot/src/share/vm/prims/jni.c
Event: 4.395 Thread 0x00007f70a400b800 Implicit null exception at 0x00007f7095203892 to 0x00007f70952046d5

Events (10 events):
Event: 4.402 Thread 0x00007f70a400b800 DEOPT UNPACKING pc=0x00007f7095047233 sp=0x00007f70adbbd298 mode 0
Event: 4.424 Thread 0x00007f70a400b800 DEOPT PACKING pc=0x00007f70951fafd9 sp=0x00007f70adbbd4a0
Event: 4.424 Thread 0x00007f70a400b800 DEOPT UNPACKING pc=0x00007f7095047233 sp=0x00007f70adbbd298 mode 0
Event: 4.435 Thread 0x00007f70a400b800 DEOPT PACKING pc=0x00007f70951fafd9 sp=0x00007f70adbbd4a0
Event: 4.435 Thread 0x00007f70a400b800 DEOPT UNPACKING pc=0x00007f7095047233 sp=0x00007f70adbbd298 mode 0
Event: 4.440 Thread 0x00007f70a400b800 DEOPT PACKING pc=0x00007f70951fafd9 sp=0x00007f70adbbd4a0
Event: 4.440 Thread 0x00007f70a400b800 DEOPT UNPACKING pc=0x00007f7095047233 sp=0x00007f70adbbd298 mode 0
Event: 4.450 Thread 0x00007f70a400b800 DEOPT PACKING pc=0x00007f70951fafd9 sp=0x00007f70adbbd4a0
Event: 4.450 Thread 0x00007f70a400b800 DEOPT UNPACKING pc=0x00007f7095047233 sp=0x00007f70adbbd298 mode 0
Event: 4.453 Executing VM operation: ParallelGCFailedAllocation


Dynamic libraries:
00400000-00401000 r-xp 00000000 08:03 183012                             /usr/lib/jvm/java-8-oracle/bin/java
00600000-00601000 rw-p 00000000 08:03 183012                             /usr/lib/jvm/java-8-oracle/bin/java
00912000-00933000 rw-p 00000000 00:00 0                                  [heap]
c0000000-c3d80000 rw-p 00000000 00:00 0 
c3d80000-eab00000 ---p 00000000 00:00 0 
eab00000-ee100000 rw-p 00000000 00:00 0 
f4b00000-100000000 ---p 00000000 00:00 0 
100000000-1000a0000 rw-p 00000000 00:00 0 
1000a0000-140000000 ---p 00000000 00:00 0 
7f7058000000-7f7058021000 rw-p 00000000 00:00 0 
7f7058021000-7f705c000000 ---p 00000000 00:00 0 
7f705c000000-7f705c021000 rw-p 00000000 00:00 0 
7f705c021000-7f7060000000 ---p 00000000 00:00 0 
7f7060000000-7f7060772000 rw-p 00000000 00:00 0 
7f7060772000-7f7064000000 ---p 00000000 00:00 0 
7f7064000000-7f7064448000 rw-p 00000000 00:00 0 
7f7064448000-7f7068000000 ---p 00000000 00:00 0 
7f7068000000-7f7068021000 rw-p 00000000 00:00 0 
7f7068021000-7f706c000000 ---p 00000000 00:00 0 
7f706c000000-7f706c53a000 rw-p 00000000 00:00 0 
7f706c53a000-7f7070000000 ---p 00000000 00:00 0 
7f7070000000-7f7070021000 rw-p 00000000 00:00 0 
7f7070021000-7f7074000000 ---p 00000000 00:00 0 
7f7074000000-7f7074021000 rw-p 00000000 00:00 0 
7f7074021000-7f7078000000 ---p 00000000 00:00 0 
7f7078000000-7f7078021000 rw-p 00000000 00:00 0 
7f7078021000-7f707c000000 ---p 00000000 00:00 0 
7f707c000000-7f707c28d000 rw-p 00000000 00:00 0 
7f707c28d000-7f7080000000 ---p 00000000 00:00 0 
7f7080000000-7f7080021000 rw-p 00000000 00:00 0 
7f7080021000-7f7084000000 ---p 00000000 00:00 0 
7f7088000000-7f7088021000 rw-p 00000000 00:00 0 
7f7088021000-7f708c000000 ---p 00000000 00:00 0 
7f708e3cb000-7f708e3d9000 r--s 000e0000 08:03 2245886                    /home/adil/Android/Sdk/build-tools/25.0.2/lib/dx.jar
7f708e3d9000-7f708e3da000 ---p 00000000 00:00 0 
7f708e3da000-7f708e4da000 rw-p 00000000 00:00 0                          [stack:10790]
7f708e4da000-7f708e4dd000 ---p 00000000 00:00 0 
7f708e4dd000-7f708e5db000 rw-p 00000000 00:00 0                          [stack:10789]
7f708e5db000-7f708e5de000 ---p 00000000 00:00 0 
7f708e5de000-7f708e6dc000 rw-p 00000000 00:00 0                          [stack:10788]
7f708e6dc000-7f708e6df000 ---p 00000000 00:00 0 
7f708e6df000-7f708e7dd000 rw-p 00000000 00:00 0                          [stack:10787]
7f708e7dd000-7f708e7e0000 ---p 00000000 00:00 0 
7f708e7e0000-7f708e8de000 rw-p 00000000 00:00 0                          [stack:10786]
7f708e8de000-7f708e8e1000 ---p 00000000 00:00 0 
7f708e8e1000-7f708e9df000 rw-p 00000000 00:00 0                          [stack:10785]
7f708e9df000-7f708f1f2000 r--p 00000000 08:03 3229972                    /usr/lib/locale/locale-archive
7f708f1f2000-7f708f1f5000 ---p 00000000 00:00 0 
7f708f1f5000-7f708f2f3000 rw-p 00000000 00:00 0                          [stack:10784]
7f708f2f3000-7f708f2f6000 ---p 00000000 00:00 0 
7f708f2f6000-7f708f3f4000 rw-p 00000000 00:00 0                          [stack:10783]
7f708f3f4000-7f708f3f5000 ---p 00000000 00:00 0 
7f708f3f5000-7f7090000000 rw-p 00000000 00:00 0                          [stack:10782]
7f7090000000-7f7090021000 rw-p 00000000 00:00 0 
7f7090021000-7f7094000000 ---p 00000000 00:00 0 
7f7094002000-7f7094427000 rw-p 00000000 00:00 0 
7f7094427000-7f7094600000 r--s 03d3e000 08:03 191227                     /usr/lib/jvm/java-8-oracle/jre/lib/rt.jar
7f7094600000-7f7094b00000 rw-p 00000000 00:00 0 
7f7094b00000-7f7094e00000 ---p 00000000 00:00 0 
7f7094e00000-7f7095000000 rw-p 00000000 00:00 0 
7f7095000000-7f7095350000 rwxp 00000000 00:00 0 
7f7095350000-7f70a4000000 ---p 00000000 00:00 0 
7f70a4000000-7f70a43ac000 rw-p 00000000 00:00 0 
7f70a43ac000-7f70a8000000 ---p 00000000 00:00 0 
7f70a800a000-7f70aa111000 rw-p 00000000 00:00 0 
7f70aa111000-7f70aa112000 ---p 00000000 00:00 0 
7f70aa112000-7f70aa212000 rw-p 00000000 00:00 0                          [stack:10781]
7f70aa212000-7f70aa213000 ---p 00000000 00:00 0 
7f70aa213000-7f70aa313000 rw-p 00000000 00:00 0                          [stack:10780]
7f70aa313000-7f70aa314000 ---p 00000000 00:00 0 
7f70aa314000-7f70aa414000 rw-p 00000000 00:00 0                          [stack:10779]
7f70aa414000-7f70aa415000 ---p 00000000 00:00 0 
7f70aa415000-7f70aa534000 rw-p 00000000 00:00 0                          [stack:10778]
7f70aa534000-7f70aa66b000 ---p 00000000 00:00 0 
7f70aa66b000-7f70aa68a000 rw-p 00000000 00:00 0 
7f70aa68a000-7f70aa7c0000 ---p 00000000 00:00 0 
7f70aa7c0000-7f70aa7dc000 rw-p 00000000 00:00 0 
7f70aa7dc000-7f70aa86b000 ---p 00000000 00:00 0 
7f70aa86b000-7f70aa87a000 rw-p 00000000 00:00 0 
7f70aa87a000-7f70aac2c000 ---p 00000000 00:00 0 
7f70aac2c000-7f70aac46000 r-xp 00000000 08:03 191104                     /usr/lib/jvm/java-8-oracle/jre/lib/amd64/libzip.so
7f70aac46000-7f70aae46000 ---p 0001a000 08:03 191104                     /usr/lib/jvm/java-8-oracle/jre/lib/amd64/libzip.so
7f70aae46000-7f70aae47000 rw-p 0001a000 08:03 191104                     /usr/lib/jvm/java-8-oracle/jre/lib/amd64/libzip.so
7f70aae47000-7f70aae51000 r-xp 00000000 08:03 248816                     /lib/x86_64-linux-gnu/libnss_files-2.19.so
7f70aae51000-7f70ab050000 ---p 0000a000 08:03 248816                     /lib/x86_64-linux-gnu/libnss_files-2.19.so
7f70ab050000-7f70ab051000 r--p 00009000 08:03 248816                     /lib/x86_64-linux-gnu/libnss_files-2.19.so
7f70ab051000-7f70ab052000 rw-p 0000a000 08:03 248816                     /lib/x86_64-linux-gnu/libnss_files-2.19.so
7f70ab052000-7f70ab05d000 r-xp 00000000 08:03 245864                     /lib/x86_64-linux-gnu/libnss_nis-2.19.so
7f70ab05d000-7f70ab25c000 ---p 0000b000 08:03 245864                     /lib/x86_64-linux-gnu/libnss_nis-2.19.so
7f70ab25c000-7f70ab25d000 r--p 0000a000 08:03 245864                     /lib/x86_64-linux-gnu/libnss_nis-2.19.so
7f70ab25d000-7f70ab25e000 rw-p 0000b000 08:03 245864                     /lib/x86_64-linux-gnu/libnss_nis-2.19.so
7f70ab25e000-7f70ab275000 r-xp 00000000 08:03 245860                     /lib/x86_64-linux-gnu/libnsl-2.19.so
7f70ab275000-7f70ab474000 ---p 00017000 08:03 245860                     /lib/x86_64-linux-gnu/libnsl-2.19.so
7f70ab474000-7f70ab475000 r--p 00016000 08:03 245860                     /lib/x86_64-linux-gnu/libnsl-2.19.so
7f70ab475000-7f70ab476000 rw-p 00017000 08:03 245860                     /lib/x86_64-linux-gnu/libnsl-2.19.so
7f70ab476000-7f70ab478000 rw-p 00000000 00:00 0 
7f70ab478000-7f70ab481000 r-xp 00000000 08:03 245859                     /lib/x86_64-linux-gnu/libnss_compat-2.19.so
7f70ab481000-7f70ab680000 ---p 00009000 08:03 245859                     /lib/x86_64-linux-gnu/libnss_compat-2.19.so
7f70ab680000-7f70ab681000 r--p 00008000 08:03 245859                     /lib/x86_64-linux-gnu/libnss_compat-2.19.so
7f70ab681000-7f70ab682000 rw-p 00009000 08:03 245859                     /lib/x86_64-linux-gnu/libnss_compat-2.19.so
7f70ab682000-7f70ab6ad000 r-xp 00000000 08:03 191114                     /usr/lib/jvm/java-8-oracle/jre/lib/amd64/libjava.so
7f70ab6ad000-7f70ab8ac000 ---p 0002b000 08:03 191114                     /usr/lib/jvm/java-8-oracle/jre/lib/amd64/libjava.so
7f70ab8ac000-7f70ab8ae000 rw-p 0002a000 08:03 191114                     /usr/lib/jvm/java-8-oracle/jre/lib/amd64/libjava.so
7f70ab8ae000-7f70ab8bb000 r-xp 00000000 08:03 191127                     /usr/lib/jvm/java-8-oracle/jre/lib/amd64/libverify.so
7f70ab8bb000-7f70ababa000 ---p 0000d000 08:03 191127                     /usr/lib/jvm/java-8-oracle/jre/lib/amd64/libverify.so
7f70ababa000-7f70ababc000 rw-p 0000c000 08:03 191127                     /usr/lib/jvm/java-8-oracle/jre/lib/amd64/libverify.so
7f70ababc000-7f70abac3000 r-xp 00000000 08:03 248556                     /lib/x86_64-linux-gnu/librt-2.19.so
7f70abac3000-7f70abcc2000 ---p 00007000 08:03 248556                     /lib/x86_64-linux-gnu/librt-2.19.so
7f70abcc2000-7f70abcc3000 r--p 00006000 08:03 248556                     /lib/x86_64-linux-gnu/librt-2.19.so
7f70abcc3000-7f70abcc4000 rw-p 00007000 08:03 248556                     /lib/x86_64-linux-gnu/librt-2.19.so
7f70abcc4000-7f70abdc9000 r-xp 00000000 08:03 245854                     /lib/x86_64-linux-gnu/libm-2.19.so
7f70abdc9000-7f70abfc8000 ---p 00105000 08:03 245854                     /lib/x86_64-linux-gnu/libm-2.19.so
7f70abfc8000-7f70abfc9000 r--p 00104000 08:03 245854                     /lib/x86_64-linux-gnu/libm-2.19.so
7f70abfc9000-7f70abfca000 rw-p 00105000 08:03 245854                     /lib/x86_64-linux-gnu/libm-2.19.so
7f70abfca000-7f70acc98000 r-xp 00000000 08:03 191137                     /usr/lib/jvm/java-8-oracle/jre/lib/amd64/server/libjvm.so
7f70acc98000-7f70ace98000 ---p 00cce000 08:03 191137                     /usr/lib/jvm/java-8-oracle/jre/lib/amd64/server/libjvm.so
7f70ace98000-7f70acf71000 rw-p 00cce000 08:03 191137                     /usr/lib/jvm/java-8-oracle/jre/lib/amd64/server/libjvm.so
7f70acf71000-7f70acfbc000 rw-p 00000000 00:00 0 
7f70acfbc000-7f70ad176000 r-xp 00000000 08:03 248677                     /lib/x86_64-linux-gnu/libc-2.19.so
7f70ad176000-7f70ad376000 ---p 001ba000 08:03 248677                     /lib/x86_64-linux-gnu/libc-2.19.so
7f70ad376000-7f70ad37a000 r--p 001ba000 08:03 248677                     /lib/x86_64-linux-gnu/libc-2.19.so
7f70ad37a000-7f70ad37c000 rw-p 001be000 08:03 248677                     /lib/x86_64-linux-gnu/libc-2.19.so
7f70ad37c000-7f70ad381000 rw-p 00000000 00:00 0 
7f70ad381000-7f70ad384000 r-xp 00000000 08:03 245856                     /lib/x86_64-linux-gnu/libdl-2.19.so
7f70ad384000-7f70ad583000 ---p 00003000 08:03 245856                     /lib/x86_64-linux-gnu/libdl-2.19.so
7f70ad583000-7f70ad584000 r--p 00002000 08:03 245856                     /lib/x86_64-linux-gnu/libdl-2.19.so
7f70ad584000-7f70ad585000 rw-p 00003000 08:03 245856                     /lib/x86_64-linux-gnu/libdl-2.19.so
7f70ad585000-7f70ad59a000 r-xp 00000000 08:03 272670                     /usr/lib/jvm/java-8-oracle/lib/amd64/jli/libjli.so
7f70ad59a000-7f70ad79a000 ---p 00015000 08:03 272670                     /usr/lib/jvm/java-8-oracle/lib/amd64/jli/libjli.so
7f70ad79a000-7f70ad79b000 rw-p 00015000 08:03 272670                     /usr/lib/jvm/java-8-oracle/lib/amd64/jli/libjli.so
7f70ad79b000-7f70ad7b4000 r-xp 00000000 08:03 245861                     /lib/x86_64-linux-gnu/libpthread-2.19.so
7f70ad7b4000-7f70ad9b3000 ---p 00019000 08:03 245861                     /lib/x86_64-linux-gnu/libpthread-2.19.so
7f70ad9b3000-7f70ad9b4000 r--p 00018000 08:03 245861                     /lib/x86_64-linux-gnu/libpthread-2.19.so
7f70ad9b4000-7f70ad9b5000 rw-p 00019000 08:03 245861                     /lib/x86_64-linux-gnu/libpthread-2.19.so
7f70ad9b5000-7f70ad9b9000 rw-p 00000000 00:00 0 
7f70ad9b9000-7f70ad9dc000 r-xp 00000000 08:03 245862                     /lib/x86_64-linux-gnu/ld-2.19.so
7f70ad9e5000-7f70adabe000 rw-p 00000000 00:00 0 
7f70adabe000-7f70adac1000 ---p 00000000 00:00 0 
7f70adac1000-7f70adbc3000 rw-p 00000000 00:00 0                          [stack:10777]
7f70adbca000-7f70adbcb000 rw-p 00000000 00:00 0 
7f70adbcb000-7f70adbcf000 r--s 0009a000 08:03 191071                     /usr/lib/jvm/java-8-oracle/jre/lib/jsse.jar
7f70adbcf000-7f70adbd7000 rw-s 00000000 08:03 852423                     /tmp/hsperfdata_adil/10772
7f70adbd7000-7f70adbd8000 rw-p 00000000 00:00 0 
7f70adbd8000-7f70adbd9000 ---p 00000000 00:00 0 
7f70adbd9000-7f70adbdb000 rw-p 00000000 00:00 0 
7f70adbdb000-7f70adbdc000 r--p 00022000 08:03 245862                     /lib/x86_64-linux-gnu/ld-2.19.so
7f70adbdc000-7f70adbdd000 rw-p 00023000 08:03 245862                     /lib/x86_64-linux-gnu/ld-2.19.so
7f70adbdd000-7f70adbde000 rw-p 00000000 00:00 0 
7fff9ce5b000-7fff9ce7d000 rw-p 00000000 00:00 0                          [stack]
7fff9ce9a000-7fff9ce9c000 r-xp 00000000 00:00 0                          [vdso]
ffffffffff600000-ffffffffff601000 r-xp 00000000 00:00 0                  [vsyscall]

VM Arguments:
jvm_args: -Djava.awt.headless=true -Xmx1024M -Dfile.encoding=UTF-8 -Duser.country=US -Duser.language=en -Duser.variant 
java_command: com.android.dx.command.Main --dex --num-threads=4 --output /home/adil/Downloads/CheckUp/app/build/intermediates/transforms/dex/debug/folders/1000/1f/main /home/adil/Downloads/CheckUp/app/build/intermediates/pre-dexed/debug/com.android.support-transition-25.1.1_ba7360c55b08728754cf43cbfbee98c4de65dc07.jar /home/adil/Downloads/CheckUp/app/build/intermediates/pre-dexed/debug/com.android.support-animated-vector-drawable-25.1.1_0f402590bd68a32a0153f858aea723d55d77736f.jar /home/adil/Downloads/CheckUp/app/build/intermediates/pre-dexed/debug/com.android.support-support-compat-25.1.1_4da1fdcec538107247f0140a409bc9a54cbb2909.jar /home/adil/Downloads/CheckUp/app/build/intermediates/pre-dexed/debug/com.android.support-support-core-ui-25.1.1_59e8dc52981a59b95abfe4621d7ea6e576508055.jar /home/adil/Downloads/CheckUp/app/build/intermediates/pre-dexed/debug/com.android.support-appcompat-v7-25.1.1_4cae9f1261631aacea1a4d9a248e77b11ef26e5e.jar /home/adil/Downloads/CheckUp/app/build/intermediates/pre-dexed/debug/com.android.support-support-fragment-25.1.1_54ccc5fbc61b36d533b57de575b987de8ee10f32.jar /home/adil/Downloads/CheckUp/app/build/intermediates/pre-dexed/debug/support-annotations-25.1.1_444c310f9e748595407ab610f24dd1809d6dd34f.jar /home/adil/Downloads/CheckUp/app/build/intermediates/pre-dexed/debug/com.android.support-support-vector-drawable-25.1.1_cb3725131b956d89810a4b40973487583a0c1367.jar /home/adil/Downloads/CheckUp/app/build/intermediates/pre-dexed/debug/com.android.support-recyclerview-v7-25.1.1_8c1b0410718c1ece7bd5629863d1429931e3809c.jar /home/adil/Downloads/CheckUp/app/build/intermediates/pre-dexed/debug/debug_603e713bd7d4bfcfad3e4259e094e28ece5820af.jar /home/adil/Downloads/CheckUp/app/build/intermediates/pre-dexed/debug/io.requery-requery-android-1.1.1_d6c608ade794d4e7b25f629667413c1a06d72bcf.jar /home/adil/Downloads/CheckUp/app/build/intermediates/pre-dexed/debug/library-1.0.19_745b909f7a214a5280e41dcacd80f544757cb91b.jar /home/adil/Downloads/CheckUp
java_class_path (initial): /home/adil/Android/Sdk/build-tools/25.0.2/lib/dx.jar
Launcher Type: SUN_STANDARD

Environment Variables:
JAVA_HOME=/usr/lib/jvm/java-8-oracle
PATH=/home/adil/.nvm/versions/node/v5.0.0/bin:/usr/local/sbin:/usr/local/bin:/usr/sbin:/usr/bin:/sbin:/bin:/usr/games:/usr/local/games:/usr/lib/jvm/java-8-oracle/bin:/usr/lib/jvm/java-8-oracle/db/bin:/usr/lib/jvm/java-8-oracle/jre/bin
LD_LIBRARY_PATH=.:
SHELL=/bin/bash
DISPLAY=:0

Signal Handlers:
SIGSEGV: [libjvm.so+0xac78c0], sa_mask[0]=11111111011111111101111111111110, sa_flags=SA_RESTART|SA_SIGINFO
SIGBUS: [libjvm.so+0xac78c0], sa_mask[0]=11111111011111111101111111111110, sa_flags=SA_RESTART|SA_SIGINFO
SIGFPE: [libjvm.so+0x920ac0], sa_mask[0]=11111111011111111101111111111110, sa_flags=SA_RESTART|SA_SIGINFO
SIGPIPE: [libjvm.so+0x920ac0], sa_mask[0]=11111111011111111101111111111110, sa_flags=SA_RESTART|SA_SIGINFO
SIGXFSZ: [libjvm.so+0x920ac0], sa_mask[0]=11111111011111111101111111111110, sa_flags=SA_RESTART|SA_SIGINFO
SIGILL: [libjvm.so+0x920ac0], sa_mask[0]=11111111011111111101111111111110, sa_flags=SA_RESTART|SA_SIGINFO
SIGUSR1: SIG_DFL, sa_mask[0]=00000000000000000000000000000000, sa_flags=none
SIGUSR2: [libjvm.so+0x922300], sa_mask[0]=00100000000000000000000000000000, sa_flags=SA_RESTART|SA_SIGINFO
SIGHUP: [libjvm.so+0x923700], sa_mask[0]=11111111011111111101111111111110, sa_flags=SA_RESTART|SA_SIGINFO
SIGINT: [libjvm.so+0x923700], sa_mask[0]=11111111011111111101111111111110, sa_flags=SA_RESTART|SA_SIGINFO
SIGTERM: [libjvm.so+0x923700], sa_mask[0]=11111111011111111101111111111110, sa_flags=SA_RESTART|SA_SIGINFO
SIGQUIT: [libjvm.so+0x923700], sa_mask[0]=11111111011111111101111111111110, sa_flags=SA_RESTART|SA_SIGINFO


---------------  S Y S T E M  ---------------

OS:DISTRIB_ID=Ubuntu
DISTRIB_RELEASE=14.04
DISTRIB_CODENAME=trusty
DISTRIB_DESCRIPTION="Ubuntu 14.04.1 LTS"

uname:Linux 3.13.0-32-generic #57-Ubuntu SMP Tue Jul 15 03:51:08 UTC 2014 x86_64
libc:glibc 2.19 NPTL 2.19 
rlimit: STACK 8192k, CORE 0k, NPROC 45915, NOFILE 4096, AS infinity
load average:23.83 8.32 3.51

/proc/meminfo:
MemTotal:        5898776 kB
MemFree:          111484 kB
Buffers:             200 kB
Cached:           758148 kB
SwapCached:            0 kB
Active:          4846872 kB
Inactive:         736304 kB
Active(anon):    4845772 kB
Inactive(anon):   726964 kB
Active(file):       1100 kB
Inactive(file):     9340 kB
Unevictable:          32 kB
Mlocked:              32 kB
SwapTotal:             0 kB
SwapFree:              0 kB
Dirty:                20 kB
Writeback:             0 kB
AnonPages:       4825144 kB
Mapped:            67316 kB
Shmem:            747628 kB
Slab:              80524 kB
SReclaimable:      43228 kB
SUnreclaim:        37296 kB
KernelStack:        5016 kB
PageTables:        43096 kB
NFS_Unstable:          0 kB
Bounce:                0 kB
WritebackTmp:          0 kB
CommitLimit:     2949388 kB
Committed_AS:    8434164 kB
VmallocTotal:   34359738367 kB
VmallocUsed:      557472 kB
VmallocChunk:   34359162532 kB
HardwareCorrupted:     0 kB
AnonHugePages:   2973696 kB
HugePages_Total:       0
HugePages_Free:        0
HugePages_Rsvd:        0
HugePages_Surp:        0
Hugepagesize:       2048 kB
DirectMap4k:       55052 kB
DirectMap2M:     6023168 kB


CPU:total 4 (2 cores per cpu, 2 threads per core) family 6 model 37 stepping 2, cmov, cx8, fxsr, mmx, sse, sse2, sse3, ssse3, sse4.1, sse4.2, popcnt, aes, clmul, ht, tsc, tscinvbit

/proc/cpuinfo:
processor	: 0
vendor_id	: GenuineIntel
cpu family	: 6
model		: 37
model name	: Intel(R) Core(TM) i5 CPU       M 520  @ 2.40GHz
stepping	: 2
microcode	: 0x9
cpu MHz		: 2400.000
cache size	: 3072 KB
physical id	: 0
siblings	: 4
core id		: 0
cpu cores	: 2
apicid		: 0
initial apicid	: 0
fpu		: yes
fpu_exception	: yes
cpuid level	: 11
wp		: yes
flags		: fpu vme de pse tsc msr pae mce cx8 apic sep mtrr pge mca cmov pat pse36 clflush dts acpi mmx fxsr sse sse2 ss ht tm pbe syscall nx rdtscp lm constant_tsc arch_perfmon pebs bts rep_good nopl xtopology nonstop_tsc aperfmperf pni pclmulqdq dtes64 monitor ds_cpl vmx smx est tm2 ssse3 cx16 xtpr pdcm sse4_1 sse4_2 popcnt aes lahf_lm ida arat dtherm tpr_shadow vnmi flexpriority ept vpid
bogomips	: 4788.50
clflush size	: 64
cache_alignment	: 64
address sizes	: 36 bits physical, 48 bits virtual
power management:

processor	: 1
vendor_id	: GenuineIntel
cpu family	: 6
model		: 37
model name	: Intel(R) Core(TM) i5 CPU       M 520  @ 2.40GHz
stepping	: 2
microcode	: 0x9
cpu MHz		: 2400.000
cache size	: 3072 KB
physical id	: 0
siblings	: 4
core id		: 0
cpu cores	: 2
apicid		: 1
initial apicid	: 1
fpu		: yes
fpu_exception	: yes
cpuid level	: 11
wp		: yes
flags		: fpu vme de pse tsc msr pae mce cx8 apic sep mtrr pge mca cmov pat pse36 clflush dts acpi mmx fxsr sse sse2 ss ht tm pbe syscall nx rdtscp lm constant_tsc arch_perfmon pebs bts rep_good nopl xtopology nonstop_tsc aperfmperf pni pclmulqdq dtes64 monitor ds_cpl vmx smx est tm2 ssse3 cx16 xtpr pdcm sse4_1 sse4_2 popcnt aes lahf_lm ida arat dtherm tpr_shadow vnmi flexpriority ept vpid
bogomips	: 4788.50
clflush size	: 64
cache_alignment	: 64
address sizes	: 36 bits physical, 48 bits virtual
power management:

processor	: 2
vendor_id	: GenuineIntel
cpu family	: 6
model		: 37
model name	: Intel(R) Core(TM) i5 CPU       M 520  @ 2.40GHz
stepping	: 2
microcode	: 0x9
cpu MHz		: 2400.000
cache size	: 3072 KB
physical id	: 0
siblings	: 4
core id		: 2
cpu cores	: 2
apicid		: 4
initial apicid	: 4
fpu		: yes
fpu_exception	: yes
cpuid level	: 11
wp		: yes
flags		: fpu vme de pse tsc msr pae mce cx8 apic sep mtrr pge mca cmov pat pse36 clflush dts acpi mmx fxsr sse sse2 ss ht tm pbe syscall nx rdtscp lm constant_tsc arch_perfmon pebs bts rep_good nopl xtopology nonstop_tsc aperfmperf pni pclmulqdq dtes64 monitor ds_cpl vmx smx est tm2 ssse3 cx16 xtpr pdcm sse4_1 sse4_2 popcnt aes lahf_lm ida arat dtherm tpr_shadow vnmi flexpriority ept vpid
bogomips	: 4788.50
clflush size	: 64
cache_alignment	: 64
address sizes	: 36 bits physical, 48 bits virtual
power management:

processor	: 3
vendor_id	: GenuineIntel
cpu family	: 6
model		: 37
model name	: Intel(R) Core(TM) i5 CPU       M 520  @ 2.40GHz
stepping	: 2
microcode	: 0x9
cpu MHz		: 2400.000
cache size	: 3072 KB
physical id	: 0
siblings	: 4
core id		: 2
cpu cores	: 2
apicid		: 5
initial apicid	: 5
fpu		: yes
fpu_exception	: yes
cpuid level	: 11
wp		: yes
flags		: fpu vme de pse tsc msr pae mce cx8 apic sep mtrr pge mca cmov pat pse36 clflush dts acpi mmx fxsr sse sse2 ss ht tm pbe syscall nx rdtscp lm constant_tsc arch_perfmon pebs bts rep_good nopl xtopology nonstop_tsc aperfmperf pni pclmulqdq dtes64 monitor ds_cpl vmx smx est tm2 ssse3 cx16 xtpr pdcm sse4_1 sse4_2 popcnt aes lahf_lm ida arat dtherm tpr_shadow vnmi flexpriority ept vpid
bogomips	: 4788.50
clflush size	: 64
cache_alignment	: 64
address sizes	: 36 bits physical, 48 bits virtual
power management:



Memory: 4k page, physical 5898776k(113368k free), swap 0k(0k free)

vm_info: Java HotSpot(TM) 64-Bit Server VM (25.121-b13) for linux-amd64 JRE (1.8.0_121-b13), built on Dec 12 2016 16:36:53 by "java_re" with gcc 4.3.0 20080428 (Red Hat 4.3.0-8)

time: Sat Apr 29 00:50:59 2017
elapsed time: 90 seconds (0d 0h 1m 30s)

